<?xml version="1.0" encoding="UTF-8"?>
<!-- Generated by org.testng.reporters.JUnitXMLReporter -->
<testsuite ignored="2" hostname="Belaiti" failures="1" tests="3" name="Test2" time="0.065" errors="0" timestamp="2025-04-20T21:07:53 EDT">
  <testcase classname="testNGTests.testNG2" name="demo5" time="0.004"/>
  <testcase classname="testNGTests.testNG2" name="demo8" time="0.011">
    <failure type="java.lang.AssertionError" message="expected [true] but found [false]">
      <![CDATA[java.lang.AssertionError: expected [true] but found [false]
at testNGTests.testNG2.demo8(testNG2.java:56)
at java.base/java.util.ArrayList.forEach(ArrayList.java:1596)
at java.base/java.util.concurrent.FutureTask.run(FutureTask.java:317)
at java.base/java.util.concurrent.ThreadPoolExecutor.runWorker(ThreadPoolExecutor.java:1144)
at java.base/java.util.concurrent.ThreadPoolExecutor$Worker.run(ThreadPoolExecutor.java:642)
at java.base/java.lang.Thread.run(Thread.java:1583)
... Removed 19 stack frames]]>
    </failure>
  </testcase> <!-- demo8 -->
  <testcase classname="testNGTests.testNG2" name="demo9" time="0.004"/>
  <testcase classname="testNGTests.testNG2" name="dependent" time="0.0">
    <ignored/>
  </testcase> <!-- dependent -->
  <testcase classname="testNGTests.testNG2" name="demo7" time="0.0">
    <ignored/>
  </testcase> <!-- demo7 -->
</testsuite> <!-- Test2 -->
