<?xml version="1.0" encoding="UTF-8"?>
<!-- Generated by org.testng.reporters.JUnitXMLReporter -->
<testsuite ignored="0" hostname="Belaiti" failures="0" tests="4" name="Test3" time="0.05" errors="0" timestamp="2025-04-20T21:07:53 EDT">
  <testcase classname="testNGTests.parameteizationTestNG" name="dtprovider" time="0.007"/>
  <testcase classname="testNGTests.parameteizationTestNG" name="dtprovider" time="0.001"/>
  <testcase classname="testNGTests.parameteizationTestNG" name="dtprovider" time="0.003"/>
  <testcase classname="testNGTests.parameteizationTestNG" name="param" time="0.001"/>
</testsuite> <!-- Test3 -->
