<?xml version="1.0" encoding="UTF-8"?>
<testng-results ignored="0" total="2" passed="2" failed="0" skipped="0">
  <reporter-output>
  </reporter-output>
  <suite started-at="2025-04-22T19:31:34 EDT" name="Default suite" finished-at="2025-04-22T19:31:34 EDT" duration-ms="63">
    <groups>
    </groups>
    <test started-at="2025-04-22T19:31:34 EDT" name="Default test" finished-at="2025-04-22T19:31:34 EDT" duration-ms="63">
      <class name="testNGTests.Child">
        <test-method signature="childMethod()[pri:0, instance:testNGTests.Child@5552768b]" started-at="2025-04-22T19:31:34 EDT" name="childMethod" finished-at="2025-04-22T19:31:34 EDT" duration-ms="19" status="PASS">
          <reporter-output>
          </reporter-output>
        </test-method> <!-- childMethod -->
        <test-method signature="callingParentMethod()[pri:0, instance:testNGTests.Child@5552768b]" started-at="2025-04-22T19:31:34 EDT" name="callingParentMethod" finished-at="2025-04-22T19:31:34 EDT" duration-ms="1" status="PASS">
          <reporter-output>
          </reporter-output>
        </test-method> <!-- callingParentMethod -->
      </class> <!-- testNGTests.Child -->
    </test> <!-- Default test -->
  </suite> <!-- Default suite -->
</testng-results>
