<?xml version="1.0" encoding="UTF-8"?>
<testng-results ignored="0" total="1" passed="1" failed="0" skipped="0">
  <reporter-output>
  </reporter-output>
  <suite started-at="2025-05-30T14:01:51 EDT" name="Default suite" finished-at="2025-05-30T14:01:51 EDT" duration-ms="55">
    <groups>
    </groups>
    <test started-at="2025-05-30T14:01:51 EDT" name="Default test" finished-at="2025-05-30T14:01:51 EDT" duration-ms="55">
      <class name="testNGTests.GitDemoClass">
        <test-method signature="demoCodes()[pri:0, instance:testNGTests.GitDemoClass@87a85e1]" started-at="2025-05-30T14:01:51 EDT" name="demoCodes" finished-at="2025-05-30T14:01:51 EDT" duration-ms="10" status="PASS">
          <reporter-output>
          </reporter-output>
        </test-method> <!-- demoCodes -->
      </class> <!-- testNGTests.GitDemoClass -->
    </test> <!-- Default test -->
  </suite> <!-- Default suite -->
</testng-results>
